-------------------------------------------------------------------------------
Test set: com.mango.games.db.TestGiftInventory
-------------------------------------------------------------------------------
Tests run: 2, Failures: 1, Errors: 0, Skipped: 0, Time elapsed: 0.8 sec <<< FAILURE!
com.mango.games.db.TestGiftInventory.testGetGiftInventoryByID()  Time elapsed: 0.698 sec  <<< FAILURE!
java.lang.IllegalArgumentException: Non-serializable object
	at net.spy.memcached.transcoders.BaseSerializingTranscoder.serialize(BaseSerializingTranscoder.java:110)
	at net.spy.memcached.transcoders.SerializingTranscoder.encode(SerializingTranscoder.java:162)
	at net.spy.memcached.MemcachedClient.asyncStore(MemcachedClient.java:282)
	at net.spy.memcached.MemcachedClient.add(MemcachedClient.java:661)
	at com.mango.games.db.memcache.SpyMemCacheClient.add(SpyMemCacheClient.java:92)
	at com.mango.games.db.GiftInventory.getGiftInventoryByID(GiftInventory.java:175)
	at com.mango.games.db.TestGiftInventory.testGetGiftInventoryByID(TestGiftInventory.java:28)
Caused by: java.io.NotSerializableException: com.mango.games.db.GiftInventory
	at java.io.ObjectOutputStream.writeObject0(ObjectOutputStream.java:1180)
	at java.io.ObjectOutputStream.writeObject(ObjectOutputStream.java:346)
	at net.spy.memcached.transcoders.BaseSerializingTranscoder.serialize(BaseSerializingTranscoder.java:105)
	... 24 more
