-------------------------------------------------------------------------------
Test set: com.mango.games.db.TestUserAccount
-------------------------------------------------------------------------------
Tests run: 3, Failures: 1, Errors: 0, Skipped: 0, Time elapsed: 0.425 sec <<< FAILURE!
com.mango.games.db.TestUserAccount.testUpdate2()  Time elapsed: 0.002 sec  <<< FAILURE!
java.lang.NullPointerException
	at com.mango.games.db.TestUserAccount.testUpdate2(TestUserAccount.java:70)
