<?xml version="1.0" encoding="UTF-8" ?>
<testsuite failures="1" time="0.091" errors="0" skipped="0" tests="2" name="com.mango.games.db.TestGame">
  <properties>
[...]
</properties>
  <testcase time="0.05" classname="com.mango.games.db.TestGame" name="com.mango.games.db.TestGame.testGame1"/>
  <testcase time="0.04" classname="com.mango.games.db.TestGame" name="com.mango.games.db.TestGame.testGameById">
    <failure type="java.lang.NullPointerException">java.lang.NullPointerException
	at com.mango.games.db.Game.getGameById(Game.java:175)
	at com.mango.games.db.TestGame.testGameById(TestGame.java:44)
</failure>
    <system-out>INSERT INTO game (definitionid, prizeid, start_time, end_time) VALUES (&apos;2&apos;,&apos;2&apos;,&apos;2012-11-23 12:40:39&apos;,&apos;2012-11-23 12:40:39&apos;)
SQL Exception Code : 1452
SQL Exception Message : Cannot add or update a child row: a foreign key constraint fails (`default_schema`.`game`, CONSTRAINT `prizeid` FOREIGN KEY (`prizeid`) REFERENCES `prize` (`id`) ON DELETE NO ACTION ON UPDATE NO ACTION)
Game 2 Object : GAME: 0, 2, 2, 2012-11-23 12:40:39, 2012-11-23 12:40:39
</system-out>
    <system-err>com.mysql.jdbc.exceptions.MySQLIntegrityConstraintViolationException: Cannot add or update a child row: a foreign key constraint fails (`default_schema`.`game`, CONSTRAINT `prizeid` FOREIGN KEY (`prizeid`) REFERENCES `prize` (`id`) ON DELETE NO ACTION ON UPDATE NO ACTION)
	at com.mysql.jdbc.SQLError.createSQLException(SQLError.java:931)
	at com.mysql.jdbc.MysqlIO.checkErrorPacket(MysqlIO.java:2985)
	at com.mysql.jdbc.MysqlIO.sendCommand(MysqlIO.java:1631)
	at com.mysql.jdbc.MysqlIO.sqlQueryDirect(MysqlIO.java:1723)
	at com.mysql.jdbc.Connection.execSQL(Connection.java:3277)
	at com.mysql.jdbc.Statement.executeUpdate(Statement.java:1402)
	at com.mysql.jdbc.Statement.executeUpdate(Statement.java:1317)
	at com.mysql.jdbc.Statement.executeUpdate(Statement.java:1531)
	at com.jolbox.bonecp.StatementHandle.executeUpdate(StatementHandle.java:635)
	at com.mango.games.db.Game.&lt;init&gt;(Game.java:146)
	at com.mango.games.db.TestGame.testGameById(TestGame.java:42)
	at sun.reflect.NativeMethodAccessorImpl.invoke0(Native Method)
	at sun.reflect.NativeMethodAccessorImpl.invoke(NativeMethodAccessorImpl.java:57)
	at sun.reflect.DelegatingMethodAccessorImpl.invoke(DelegatingMethodAccessorImpl.java:43)
	at java.lang.reflect.Method.invoke(Method.java:616)
	at org.apache.maven.surefire.junit.PojoTestSet.executeTestMethod(PojoTestSet.java:151)
	at org.apache.maven.surefire.junit.PojoTestSet.executeTestMethods(PojoTestSet.java:103)
	at org.apache.maven.surefire.junit.PojoTestSet.execute(PojoTestSet.java:84)
	at org.apache.maven.surefire.junit.JUnit3Provider.executeTestSet(JUnit3Provider.java:117)
	at org.apache.maven.surefire.junit.JUnit3Provider.invoke(JUnit3Provider.java:94)
	at sun.reflect.NativeMethodAccessorImpl.invoke0(Native Method)
	at sun.reflect.NativeMethodAccessorImpl.invoke(NativeMethodAccessorImpl.java:57)
	at sun.reflect.DelegatingMethodAccessorImpl.invoke(DelegatingMethodAccessorImpl.java:43)
	at java.lang.reflect.Method.invoke(Method.java:616)
	at org.apache.maven.surefire.util.ReflectionUtils.invokeMethodWithArray(ReflectionUtils.java:164)
	at org.apache.maven.surefire.booter.ProviderFactory$ProviderProxy.invoke(ProviderFactory.java:110)
	at org.apache.maven.surefire.booter.SurefireStarter.invokeProvider(SurefireStarter.java:175)
	at org.apache.maven.surefire.booter.SurefireStarter.runSuitesInProcessWhenForked(SurefireStarter.java:107)
	at org.apache.maven.surefire.booter.ForkedBooter.main(ForkedBooter.java:68)
</system-err>
  </testcase>
</testsuite>