-------------------------------------------------------------------------------
Test set: com.mango.games.db.TestGameDefinition
-------------------------------------------------------------------------------
Tests run: 3, Failures: 1, Errors: 0, Skipped: 0, Time elapsed: 0.152 sec <<< FAILURE!
com.mango.games.db.TestGameDefinition.testGameDefbyId()  Time elapsed: 0.041 sec  <<< FAILURE!
java.lang.NullPointerException
	at com.mango.games.db.mastertable.mGameDefinition.getGameDefbyID(mGameDefinition.java:154)
	at com.mango.games.db.TestGameDefinition.testGameDefbyId(TestGameDefinition.java:47)
