<?xml version="1.0" encoding="UTF-8" ?>
<testsuite failures="1" time="1.563" errors="0" skipped="0" tests="2" name="com.mango.games.db.TestGiftInventory">
  <properties>
[...]
</properties>
  <testcase time="1.553" classname="com.mango.games.db.TestGiftInventory" name="com.mango.games.db.TestGiftInventory.testGetGiftInventoryByID">
    <failure message="Non-serializable object" type="java.lang.IllegalArgumentException">java.lang.IllegalArgumentException: Non-serializable object
	at net.spy.memcached.transcoders.BaseSerializingTranscoder.serialize(BaseSerializingTranscoder.java:110)
	at net.spy.memcached.transcoders.SerializingTranscoder.encode(SerializingTranscoder.java:162)
	at net.spy.memcached.MemcachedClient.asyncStore(MemcachedClient.java:282)
	at net.spy.memcached.MemcachedClient.add(MemcachedClient.java:661)
	at com.mango.games.db.memcache.SpyMemCacheClient.add(SpyMemCacheClient.java:92)
	at com.mango.games.db.GiftInventory.getGiftInventoryByID(GiftInventory.java:175)
	at com.mango.games.db.TestGiftInventory.testGetGiftInventoryByID(TestGiftInventory.java:28)
Caused by: java.io.NotSerializableException: com.mango.games.db.GiftInventory
	at java.io.ObjectOutputStream.writeObject0(ObjectOutputStream.java:1180)
	at java.io.ObjectOutputStream.writeObject(ObjectOutputStream.java:346)
	at net.spy.memcached.transcoders.BaseSerializingTranscoder.serialize(BaseSerializingTranscoder.java:105)
	... 24 more
</failure>
    <system-out>
Using Single Cache Server
Cache Get Method (IsConnected) : false
In get Server Disconnected
Observer :  Connection Established !!!

(Bone CP Pooling Class) should hav come only once...
com.mango.games.db.GiftInventory@67eb366
Cache Add Method (IsConnected) : true
</system-out>
    <system-err>2012-11-22 17:43:04.247 INFO net.spy.memcached.MemcachedConnection:  Added {QA sa=/127.0.0.1:11211, #Rops=0, #Wops=0, #iq=0, topRop=null, topWop=null, toWrite=0, interested=0} to connect queue
2012-11-22 17:43:04.253 INFO net.spy.memcached.MemcachedConnection:  Connection state changed for sun.nio.ch.SelectionKeyImpl@46e45076
SLF4J: Failed to load class &quot;org.slf4j.impl.StaticLoggerBinder&quot;.
SLF4J: Defaulting to no-operation (NOP) logger implementation
SLF4J: See http://www.slf4j.org/codes.html#StaticLoggerBinder for further details.
</system-err>
  </testcase>
  <testcase time="0.008" classname="com.mango.games.db.TestGiftInventory" name="com.mango.games.db.TestGiftInventory.testGetGiftInventoryByFBID_GiftID"/>
</testsuite>